# JRE version: Java(TM) SE Runtime Environment (8.0_45-b14) (build 1.8.0_45-b14)
# Java VM: Java HotSpot(TM) 64-Bit Server VM (25.45-b02 mixed mode linux-amd64 compressed oops)
Heap:
 PSYoungGen      total 121344K, used 12115K [0x00000000ee100000, 0x00000000fa600000, 0x0000000100000000)
  eden space 112640K, 10% used [0x00000000ee100000,0x00000000eecd4e48,0x00000000f4f00000)
  from space 8704K, 0% used [0x00000000f4f00000,0x00000000f4f00000,0x00000000f5780000)
  to   space 10752K, 0% used [0x00000000f9b80000,0x00000000f9b80000,0x00000000fa600000)
 ParOldGen       total 40960K, used 16650K [0x00000000ca200000, 0x00000000cca00000, 0x00000000ee100000)
  object space 40960K, 40% used [0x00000000ca200000,0x00000000cb2429d8,0x00000000cca00000)
 Metaspace       used 21330K, capacity 21990K, committed 22192K, reserved 1069056K
  class space    used 2519K, capacity 2703K, committed 2736K, reserved 1048576K
GC Heap History (10 events):
Event: 6,871 GC heap before
{Heap before GC invocations=6 (full 0):
 PSYoungGen      total 30720K, used 30720K [0x00000000ee100000, 0x00000000f2400000, 0x0000000100000000)
  eden space 28672K, 100% used [0x00000000ee100000,0x00000000efd00000,0x00000000efd00000)
  from space 2048K, 100% used [0x00000000efd00000,0x00000000eff00000,0x00000000eff00000)
  to   space 5632K, 0% used [0x00000000f1e80000,0x00000000f1e80000,0x00000000f2400000)
 ParOldGen       total 36864K, used 8036K [0x00000000ca200000, 0x00000000cc600000, 0x00000000ee100000)
  object space 36864K, 21% used [0x00000000ca200000,0x00000000ca9d9250,0x00000000cc600000)
 Metaspace       used 14447K, capacity 14750K, committed 14848K, reserved 1062912K
  class space    used 1707K, capacity 1777K, committed 1792K, reserved 1048576K
Event: 6,897 GC heap after
Heap after GC invocations=6 (full 0):
 PSYoungGen      total 62976K, used 4206K [0x00000000ee100000, 0x00000000f2400000, 0x0000000100000000)
  eden space 57344K, 0% used [0x00000000ee100000,0x00000000ee100000,0x00000000f1900000)
  from space 5632K, 74% used [0x00000000f1e80000,0x00000000f229b9b0,0x00000000f2400000)
  to   space 5632K, 0% used [0x00000000f1900000,0x00000000f1900000,0x00000000f1e80000)
 ParOldGen       total 36864K, used 8036K [0x00000000ca200000, 0x00000000cc600000, 0x00000000ee100000)
  object space 36864K, 21% used [0x00000000ca200000,0x00000000ca9d9250,0x00000000cc600000)
 Metaspace       used 14447K, capacity 14750K, committed 14848K, reserved 1062912K
  class space    used 1707K, capacity 1777K, committed 1792K, reserved 1048576K
}
Event: 8,295 GC heap before
{Heap before GC invocations=7 (full 0):
 PSYoungGen      total 62976K, used 61550K [0x00000000ee100000, 0x00000000f2400000, 0x0000000100000000)
  eden space 57344K, 100% used [0x00000000ee100000,0x00000000f1900000,0x00000000f1900000)
  from space 5632K, 74% used [0x00000000f1e80000,0x00000000f229b9b0,0x00000000f2400000)
  to   space 5632K, 0% used [0x00000000f1900000,0x00000000f1900000,0x00000000f1e80000)
 ParOldGen       total 36864K, used 8036K [0x00000000ca200000, 0x00000000cc600000, 0x00000000ee100000)
  object space 36864K, 21% used [0x00000000ca200000,0x00000000ca9d9250,0x00000000cc600000)
 Metaspace       used 14864K, capacity 15150K, committed 15488K, reserved 1062912K
  class space    used 1729K, capacity 1817K, committed 1920K, reserved 1048576K
Event: 8,328 GC heap after
Heap after GC invocations=7 (full 0):
 PSYoungGen      total 62976K, used 5632K [0x00000000ee100000, 0x00000000f5e00000, 0x0000000100000000)
  eden space 57344K, 0% used [0x00000000ee100000,0x00000000ee100000,0x00000000f1900000)
  from space 5632K, 100% used [0x00000000f1900000,0x00000000f1e80000,0x00000000f1e80000)
  to   space 6656K, 0% used [0x00000000f5780000,0x00000000f5780000,0x00000000f5e00000)
 ParOldGen       total 36864K, used 8838K [0x00000000ca200000, 0x00000000cc600000, 0x00000000ee100000)
  object space 36864K, 23% used [0x00000000ca200000,0x00000000caaa1a18,0x00000000cc600000)
 Metaspace       used 14864K, capacity 15150K, committed 15488K, reserved 1062912K
  class space    used 1729K, capacity 1817K, committed 1920K, reserved 1048576K
}
Event: 9,881 GC heap before
{Heap before GC invocations=8 (full 0):
 PSYoungGen      total 62976K, used 62976K [0x00000000ee100000, 0x00000000f5e00000, 0x0000000100000000)
  eden space 57344K, 100% used [0x00000000ee100000,0x00000000f1900000,0x00000000f1900000)
  from space 5632K, 100% used [0x00000000f1900000,0x00000000f1e80000,0x00000000f1e80000)
  to   space 6656K, 0% used [0x00000000f5780000,0x00000000f5780000,0x00000000f5e00000)
 ParOldGen       total 36864K, used 8838K [0x00000000ca200000, 0x00000000cc600000, 0x00000000ee100000)
  object space 36864K, 23% used [0x00000000ca200000,0x00000000caaa1a18,0x00000000cc600000)
 Metaspace       used 16106K, capacity 16672K, committed 16896K, reserved 1064960K
  class space    used 1849K, capacity 1979K, committed 2048K, reserved 1048576K
Event: 9,952 GC heap after
Heap after GC invocations=8 (full 0):
 PSYoungGen      total 119296K, used 6640K [0x00000000ee100000, 0x00000000f6200000, 0x0000000100000000)
  eden space 112640K, 0% used [0x00000000ee100000,0x00000000ee100000,0x00000000f4f00000)
  from space 6656K, 99% used [0x00000000f5780000,0x00000000f5dfc010,0x00000000f5e00000)
  to   space 8704K, 0% used [0x00000000f4f00000,0x00000000f4f00000,0x00000000f5780000)
 ParOldGen       total 36864K, used 10948K [0x00000000ca200000, 0x00000000cc600000, 0x00000000ee100000)
  object space 36864K, 29% used [0x00000000ca200000,0x00000000cacb1078,0x00000000cc600000)
 Metaspace       used 16106K, capacity 16672K, committed 16896K, reserved 1064960K
  class space    used 1849K, capacity 1979K, committed 2048K, reserved 1048576K
}
Event: 12,653 GC heap before
{Heap before GC invocations=9 (full 0):
 PSYoungGen      total 119296K, used 69618K [0x00000000ee100000, 0x00000000f6200000, 0x0000000100000000)
  eden space 112640K, 55% used [0x00000000ee100000,0x00000000f1e80ac0,0x00000000f4f00000)
  from space 6656K, 99% used [0x00000000f5780000,0x00000000f5dfc010,0x00000000f5e00000)
  to   space 8704K, 0% used [0x00000000f4f00000,0x00000000f4f00000,0x00000000f5780000)
 ParOldGen       total 36864K, used 10948K [0x00000000ca200000, 0x00000000cc600000, 0x00000000ee100000)
  object space 36864K, 29% used [0x00000000ca200000,0x00000000cacb1078,0x00000000cc600000)
 Metaspace       used 20603K, capacity 21216K, committed 21296K, reserved 1069056K
  class space    used 2421K, capacity 2574K, committed 2608K, reserved 1048576K
Event: 12,697 GC heap after
Heap after GC invocations=9 (full 0):
 PSYoungGen      total 121344K, used 8697K [0x00000000ee100000, 0x00000000fa600000, 0x0000000100000000)
  eden space 112640K, 0% used [0x00000000ee100000,0x00000000ee100000,0x00000000f4f00000)
  from space 8704K, 99% used [0x00000000f4f00000,0x00000000f577e550,0x00000000f5780000)
  to   space 10752K, 0% used [0x00000000f9b80000,0x00000000f9b80000,0x00000000fa600000)
 ParOldGen       total 36864K, used 13872K [0x00000000ca200000, 0x00000000cc600000, 0x00000000ee100000)
  object space 36864K, 37% used [0x00000000ca200000,0x00000000caf8c048,0x00000000cc600000)
 Metaspace       used 20603K, capacity 21216K, committed 21296K, reserved 1069056K
  class space    used 2421K, capacity 2574K, committed 2608K, reserved 1048576K
}
Event: 12,697 GC heap before
{Heap before GC invocations=10 (full 1):
 PSYoungGen      total 121344K, used 8697K [0x00000000ee100000, 0x00000000fa600000, 0x0000000100000000)
  eden space 112640K, 0% used [0x00000000ee100000,0x00000000ee100000,0x00000000f4f00000)
  from space 8704K, 99% used [0x00000000f4f00000,0x00000000f577e550,0x00000000f5780000)
  to   space 10752K, 0% used [0x00000000f9b80000,0x00000000f9b80000,0x00000000fa600000)
 ParOldGen       total 36864K, used 13872K [0x00000000ca200000, 0x00000000cc600000, 0x00000000ee100000)
  object space 36864K, 37% used [0x00000000ca200000,0x00000000caf8c048,0x00000000cc600000)
 Metaspace       used 20603K, capacity 21216K, committed 21296K, reserved 1069056K
  class space    used 2421K, capacity 2574K, committed 2608K, reserved 1048576K
Event: 12,910 GC heap after
Heap after GC invocations=10 (full 1):
 PSYoungGen      total 121344K, used 0K [0x00000000ee100000, 0x00000000fa600000, 0x0000000100000000)
  eden space 112640K, 0% used [0x00000000ee100000,0x00000000ee100000,0x00000000f4f00000)
  from space 8704K, 0% used [0x00000000f4f00000,0x00000000f4f00000,0x00000000f5780000)
  to   space 10752K, 0% used [0x00000000f9b80000,0x00000000f9b80000,0x00000000fa600000)
 ParOldGen       total 40960K, used 16650K [0x00000000ca200000, 0x00000000cca00000, 0x00000000ee100000)
  object space 40960K, 40% used [0x00000000ca200000,0x00000000cb2429d8,0x00000000cca00000)
 Metaspace       used 20603K, capacity 21216K, committed 21296K, reserved 1069056K
  class space    used 2421K, capacity 2574K, committed 2608K, reserved 1048576K
}

